[debug] [2023-12-29T19:42:37.632Z] ----------------------------------------------------------------------
[debug] [2023-12-29T19:42:37.635Z] Command:       C:\Program Files\nodejs\node.exe C:\Users\kotta\AppData\Roaming\npm\node_modules\firebase-tools\lib\bin\firebase.js open
[debug] [2023-12-29T19:42:37.635Z] CLI Version:   13.0.2
[debug] [2023-12-29T19:42:37.636Z] Platform:      win32
[debug] [2023-12-29T19:42:37.636Z] Node Version:  v20.10.0
[debug] [2023-12-29T19:42:37.636Z] Time:          Sat Dec 30 2023 01:12:37 GMT+0530 (India Standard Time)
[debug] [2023-12-29T19:42:37.636Z] ----------------------------------------------------------------------
[debug] 
[debug] [2023-12-29T19:42:37.706Z] > command requires scopes: ["email","openid","https://www.googleapis.com/auth/cloudplatformprojects.readonly","https://www.googleapis.com/auth/firebase","https://www.googleapis.com/auth/cloud-platform"]
[debug] [2023-12-29T19:42:37.707Z] > authorizing via signed-in user (kottakota.dileepkumar@gmail.com)
[debug] [2023-12-29T19:42:37.707Z] [iam] checking project mykktvillage for permissions ["firebase.projects.get"]
[debug] [2023-12-29T19:42:37.709Z] >>> [apiv2][query] POST https://cloudresourcemanager.googleapis.com/v1/projects/mykktvillage:testIamPermissions [none]
[debug] [2023-12-29T19:42:37.709Z] >>> [apiv2][(partial)header] POST https://cloudresourcemanager.googleapis.com/v1/projects/mykktvillage:testIamPermissions x-goog-quota-user=projects/mykktvillage
[debug] [2023-12-29T19:42:37.709Z] >>> [apiv2][body] POST https://cloudresourcemanager.googleapis.com/v1/projects/mykktvillage:testIamPermissions {"permissions":["firebase.projects.get"]}
[debug] [2023-12-29T19:42:39.556Z] <<< [apiv2][status] POST https://cloudresourcemanager.googleapis.com/v1/projects/mykktvillage:testIamPermissions 200
[debug] [2023-12-29T19:42:39.557Z] <<< [apiv2][body] POST https://cloudresourcemanager.googleapis.com/v1/projects/mykktvillage:testIamPermissions {"permissions":["firebase.projects.get"]}
[debug] [2023-12-29T19:42:39.558Z] >>> [apiv2][query] GET https://firebase.googleapis.com/v1beta1/projects/mykktvillage [none]
[debug] [2023-12-29T19:42:40.153Z] <<< [apiv2][status] GET https://firebase.googleapis.com/v1beta1/projects/mykktvillage 200
[debug] [2023-12-29T19:42:40.154Z] <<< [apiv2][body] GET https://firebase.googleapis.com/v1beta1/projects/mykktvillage {"projectId":"mykktvillage","projectNumber":"1032126399820","displayName":"mykkt","name":"projects/mykktvillage","resources":{"hostingSite":"mykktvillage","realtimeDatabaseInstance":"mykktvillage","storageBucket":"mykktvillage.appspot.com","locationId":"us-central"},"state":"ACTIVE","etag":"1_6ad80ec8-eb9b-42e5-acb4-f89956157463"}
[debug] [2023-12-29T19:42:40.155Z] >>> [apiv2][query] GET https://firebase.googleapis.com/v1beta1/projects/mykktvillage [none]
[debug] [2023-12-29T19:42:40.871Z] <<< [apiv2][status] GET https://firebase.googleapis.com/v1beta1/projects/mykktvillage 200
[debug] [2023-12-29T19:42:40.871Z] <<< [apiv2][body] GET https://firebase.googleapis.com/v1beta1/projects/mykktvillage {"projectId":"mykktvillage","projectNumber":"1032126399820","displayName":"mykkt","name":"projects/mykktvillage","resources":{"hostingSite":"mykktvillage","realtimeDatabaseInstance":"mykktvillage","storageBucket":"mykktvillage.appspot.com","locationId":"us-central"},"state":"ACTIVE","etag":"1_6ad80ec8-eb9b-42e5-acb4-f89956157463"}
